{
  "stats": {
    "suites": 1,
    "tests": 1,
    "passes": 1,
    "pending": 0,
    "failures": 0,
    "start": "2025-04-09T19:08:01.131Z",
    "end": "2025-04-09T19:08:01.240Z",
    "duration": 109,
    "testsRegistered": 1,
    "passPercent": 100,
    "pendingPercent": 0,
    "other": 0,
    "hasOther": false,
    "skipped": 0,
    "hasSkipped": false
  },
  "results": [
    {
      "uuid": "b8aaf9d1-101d-48d9-b75c-ba7d1189036d",
      "title": "",
      "fullFile": "/Users/tv/Desktop/hmm/api_test/test/getRequest.mjs",
      "file": "/test/getRequest.mjs",
      "beforeHooks": [],
      "afterHooks": [],
      "tests": [],
      "suites": [
        {
          "uuid": "02fc13c8-b084-41c8-bae6-d01f3a15773b",
          "title": "Get Request",
          "fullFile": "/Users/tv/Desktop/hmm/api_test/test/getRequest.mjs",
          "file": "/test/getRequest.mjs",
          "beforeHooks": [],
          "afterHooks": [],
          "tests": [
            {
              "title": "should be able to get data",
              "fullTitle": "Get Request should be able to get data",
              "timedOut": false,
              "duration": 104,
              "state": "passed",
              "speed": "slow",
              "pass": true,
              "fail": false,
              "pending": false,
              "context": null,
              "code": "const res = await axios.get('https://reqres.in/api/users?page=2');\nconsole.log(res.data);\nexpect(res.data.page).equals(2);\nexpect(res.data.data[0].id).equals(7);",
              "err": {},
              "uuid": "12fac6b4-2600-49d8-a3d7-55ce843125e0",
              "parentUUID": "02fc13c8-b084-41c8-bae6-d01f3a15773b",
              "isHook": false,
              "skipped": false
            }
          ],
          "suites": [],
          "passes": [
            "12fac6b4-2600-49d8-a3d7-55ce843125e0"
          ],
          "failures": [],
          "pending": [],
          "skipped": [],
          "duration": 104,
          "root": false,
          "rootEmpty": false,
          "_timeout": 2000
        }
      ],
      "passes": [],
      "failures": [],
      "pending": [],
      "skipped": [],
      "duration": 0,
      "root": true,
      "rootEmpty": true,
      "_timeout": 2000
    }
  ],
  "meta": {
    "mocha": {
      "version": "11.1.0"
    },
    "mochawesome": {
      "options": {
        "quiet": false,
        "reportFilename": "mochawesome",
        "saveHtml": true,
        "saveJson": true,
        "consoleReporter": "spec",
        "useInlineDiffs": false,
        "code": true
      },
      "version": "7.1.3"
    },
    "marge": {
      "options": null,
      "version": "6.2.0"
    }
  }
}